# JRE version: OpenJDK Runtime Environment (8.0_242-b01) (build 1.8.0_242-release-1644-b01)
# Java VM: OpenJDK 64-Bit Server VM (25.242-b01 mixed mode windows-amd64 compressed oops)
Heap:
 PSYoungGen      total 228864K, used 53403K [0x00000000d5580000, 0x00000000e6b80000, 0x0000000100000000)
  eden space 207872K, 15% used [0x00000000d5580000,0x00000000d752c4e8,0x00000000e2080000)
  from space 20992K, 99% used [0x00000000e4080000,0x00000000e54fa7a8,0x00000000e5500000)
  to   space 32768K, 0% used [0x00000000e2080000,0x00000000e2080000,0x00000000e4080000)
 ParOldGen       total 227840K, used 61672K [0x0000000080000000, 0x000000008de80000, 0x00000000d5580000)
  object space 227840K, 27% used [0x0000000080000000,0x0000000083c3a138,0x000000008de80000)
 Metaspace       used 68415K, capacity 71612K, committed 71960K, reserved 1112064K
  class space    used 9286K, capacity 9907K, committed 10032K, reserved 1048576K
GC Heap History (10 events):
Event: 26.798 GC heap before
{Heap before GC invocations=11 (full 2):
 PSYoungGen      total 152064K, used 149628K [0x00000000d5580000, 0x00000000df700000, 0x0000000100000000)
  eden space 140800K, 100% used [0x00000000d5580000,0x00000000ddf00000,0x00000000ddf00000)
  from space 11264K, 78% used [0x00000000dea00000,0x00000000df29f350,0x00000000df500000)
  to   space 11264K, 0% used [0x00000000ddf00000,0x00000000ddf00000,0x00000000dea00000)
 ParOldGen       total 153088K, used 14380K [0x0000000080000000, 0x0000000089580000, 0x00000000d5580000)
  object space 153088K, 9% used [0x0000000080000000,0x0000000080e0b220,0x0000000089580000)
 Metaspace       used 50784K, capacity 52772K, committed 53160K, reserved 1095680K
  class space    used 6792K, capacity 7230K, committed 7344K, reserved 1048576K
Event: 26.822 GC heap after
Heap after GC invocations=11 (full 2):
 PSYoungGen      total 152064K, used 11252K [0x00000000d5580000, 0x00000000e2880000, 0x0000000100000000)
  eden space 140800K, 0% used [0x00000000d5580000,0x00000000d5580000,0x00000000ddf00000)
  from space 11264K, 99% used [0x00000000ddf00000,0x00000000de9fd2f0,0x00000000dea00000)
  to   space 17408K, 0% used [0x00000000e1780000,0x00000000e1780000,0x00000000e2880000)
 ParOldGen       total 153088K, used 27087K [0x0000000080000000, 0x0000000089580000, 0x00000000d5580000)
  object space 153088K, 17% used [0x0000000080000000,0x0000000081a73c98,0x0000000089580000)
 Metaspace       used 50784K, capacity 52772K, committed 53160K, reserved 1095680K
  class space    used 6792K, capacity 7230K, committed 7344K, reserved 1048576K
}
Event: 31.094 GC heap before
{Heap before GC invocations=12 (full 2):
 PSYoungGen      total 152064K, used 82135K [0x00000000d5580000, 0x00000000e2880000, 0x0000000100000000)
  eden space 140800K, 50% used [0x00000000d5580000,0x00000000d9ab8a68,0x00000000ddf00000)
  from space 11264K, 99% used [0x00000000ddf00000,0x00000000de9fd2f0,0x00000000dea00000)
  to   space 17408K, 0% used [0x00000000e1780000,0x00000000e1780000,0x00000000e2880000)
 ParOldGen       total 153088K, used 27087K [0x0000000080000000, 0x0000000089580000, 0x00000000d5580000)
  object space 153088K, 17% used [0x0000000080000000,0x0000000081a73c98,0x0000000089580000)
 Metaspace       used 56846K, capacity 59142K, committed 59160K, reserved 1099776K
  class space    used 7774K, capacity 8228K, committed 8240K, reserved 1048576K
Event: 31.154 GC heap after
Heap after GC invocations=12 (full 2):
 PSYoungGen      total 196096K, used 17403K [0x00000000d5580000, 0x00000000e3080000, 0x0000000100000000)
  eden space 178688K, 0% used [0x00000000d5580000,0x00000000d5580000,0x00000000e0400000)
  from space 17408K, 99% used [0x00000000e1780000,0x00000000e287ef10,0x00000000e2880000)
  to   space 19968K, 0% used [0x00000000e0400000,0x00000000e0400000,0x00000000e1780000)
 ParOldGen       total 153088K, used 29428K [0x0000000080000000, 0x0000000089580000, 0x00000000d5580000)
  object space 153088K, 19% used [0x0000000080000000,0x0000000081cbd298,0x0000000089580000)
 Metaspace       used 56846K, capacity 59142K, committed 59160K, reserved 1099776K
  class space    used 7774K, capacity 8228K, committed 8240K, reserved 1048576K
}
Event: 31.154 GC heap before
{Heap before GC invocations=13 (full 3):
 PSYoungGen      total 196096K, used 17403K [0x00000000d5580000, 0x00000000e3080000, 0x0000000100000000)
  eden space 178688K, 0% used [0x00000000d5580000,0x00000000d5580000,0x00000000e0400000)
  from space 17408K, 99% used [0x00000000e1780000,0x00000000e287ef10,0x00000000e2880000)
  to   space 19968K, 0% used [0x00000000e0400000,0x00000000e0400000,0x00000000e1780000)
 ParOldGen       total 153088K, used 29428K [0x0000000080000000, 0x0000000089580000, 0x00000000d5580000)
  object space 153088K, 19% used [0x0000000080000000,0x0000000081cbd298,0x0000000089580000)
 Metaspace       used 56846K, capacity 59142K, committed 59160K, reserved 1099776K
  class space    used 7774K, capacity 8228K, committed 8240K, reserved 1048576K
Event: 31.477 GC heap after
Heap after GC invocations=13 (full 3):
 PSYoungGen      total 196096K, used 0K [0x00000000d5580000, 0x00000000e3080000, 0x0000000100000000)
  eden space 178688K, 0% used [0x00000000d5580000,0x00000000d5580000,0x00000000e0400000)
  from space 17408K, 0% used [0x00000000e1780000,0x00000000e1780000,0x00000000e2880000)
  to   space 19968K, 0% used [0x00000000e0400000,0x00000000e0400000,0x00000000e1780000)
 ParOldGen       total 227840K, used 37346K [0x0000000080000000, 0x000000008de80000, 0x00000000d5580000)
  object space 227840K, 16% used [0x0000000080000000,0x0000000082478bd8,0x000000008de80000)
 Metaspace       used 56840K, capacity 59124K, committed 59160K, reserved 1099776K
  class space    used 7772K, capacity 8225K, committed 8240K, reserved 1048576K
}
Event: 42.062 GC heap before
{Heap before GC invocations=14 (full 3):
 PSYoungGen      total 196096K, used 178688K [0x00000000d5580000, 0x00000000e3080000, 0x0000000100000000)
  eden space 178688K, 100% used [0x00000000d5580000,0x00000000e0400000,0x00000000e0400000)
  from space 17408K, 0% used [0x00000000e1780000,0x00000000e1780000,0x00000000e2880000)
  to   space 19968K, 0% used [0x00000000e0400000,0x00000000e0400000,0x00000000e1780000)
 ParOldGen       total 227840K, used 37346K [0x0000000080000000, 0x000000008de80000, 0x00000000d5580000)
  object space 227840K, 16% used [0x0000000080000000,0x0000000082478bd8,0x000000008de80000)
 Metaspace       used 64762K, capacity 67806K, committed 67992K, reserved 1107968K
  class space    used 8934K, capacity 9538K, committed 9648K, reserved 1048576K
Event: 42.082 GC heap after
Heap after GC invocations=14 (full 3):
 PSYoungGen      total 198656K, used 16188K [0x00000000d5580000, 0x00000000e5500000, 0x0000000100000000)
  eden space 178688K, 0% used [0x00000000d5580000,0x00000000d5580000,0x00000000e0400000)
  from space 19968K, 81% used [0x00000000e0400000,0x00000000e13cf220,0x00000000e1780000)
  to   space 20992K, 0% used [0x00000000e4080000,0x00000000e4080000,0x00000000e5500000)
 ParOldGen       total 227840K, used 37354K [0x0000000080000000, 0x000000008de80000, 0x00000000d5580000)
  object space 227840K, 16% used [0x0000000080000000,0x000000008247abd8,0x000000008de80000)
 Metaspace       used 64762K, capacity 67806K, committed 67992K, reserved 1107968K
  class space    used 8934K, capacity 9538K, committed 9648K, reserved 1048576K
}
Event: 55.540 GC heap before
{Heap before GC invocations=15 (full 3):
 PSYoungGen      total 198656K, used 194520K [0x00000000d5580000, 0x00000000e5500000, 0x0000000100000000)
  eden space 178688K, 99% used [0x00000000d5580000,0x00000000e03a71c8,0x00000000e0400000)
  from space 19968K, 81% used [0x00000000e0400000,0x00000000e13cf220,0x00000000e1780000)
  to   space 20992K, 0% used [0x00000000e4080000,0x00000000e4080000,0x00000000e5500000)
 ParOldGen       total 227840K, used 37354K [0x0000000080000000, 0x000000008de80000, 0x00000000d5580000)
  object space 227840K, 16% used [0x0000000080000000,0x000000008247abd8,0x000000008de80000)
 Metaspace       used 68101K, capacity 71190K, committed 71320K, reserved 1110016K
  class space    used 9251K, capacity 9826K, committed 9904K, reserved 1048576K
Event: 55.637 GC heap after
Heap after GC invocations=15 (full 3):
 PSYoungGen      total 228864K, used 20969K [0x00000000d5580000, 0x00000000e6b80000, 0x0000000100000000)
  eden space 207872K, 0% used [0x00000000d5580000,0x00000000d5580000,0x00000000e2080000)
  from space 20992K, 99% used [0x00000000e4080000,0x00000000e54fa7a8,0x00000000e5500000)
  to   space 32768K, 0% used [0x00000000e2080000,0x00000000e2080000,0x00000000e4080000)
 ParOldGen       total 227840K, used 61672K [0x0000000080000000, 0x000000008de80000, 0x00000000d5580000)
  object space 227840K, 27% used [0x0000000080000000,0x0000000083c3a138,0x000000008de80000)
 Metaspace       used 68101K, capacity 71190K, committed 71320K, reserved 1110016K
  class space    used 9251K, capacity 9826K, committed 9904K, reserved 1048576K
}

