# JRE version: OpenJDK Runtime Environment (8.0_242-b01) (build 1.8.0_242-release-1644-b01)
# Java VM: OpenJDK 64-Bit Server VM (25.242-b01 mixed mode windows-amd64 compressed oops)
Heap:
 PSYoungGen      total 116736K, used 15076K [0x00000000d5580000, 0x00000000dd500000, 0x0000000100000000)
  eden space 104960K, 14% used [0x00000000d5580000,0x00000000d6439070,0x00000000dbc00000)
  from space 11776K, 0% used [0x00000000dbc00000,0x00000000dbc00000,0x00000000dc780000)
  to   space 10240K, 0% used [0x00000000dc780000,0x00000000dc780000,0x00000000dd180000)
 ParOldGen       total 57856K, used 14416K [0x0000000080000000, 0x0000000083880000, 0x00000000d5580000)
  object space 57856K, 24% used [0x0000000080000000,0x0000000080e14140,0x0000000083880000)
 Metaspace       used 35626K, capacity 36914K, committed 37080K, reserved 1081344K
  class space    used 4778K, capacity 5112K, committed 5120K, reserved 1048576K
GC Heap History (10 events):
Event: 5.257 GC heap before
{Heap before GC invocations=7 (full 1):
 PSYoungGen      total 76288K, used 8471K [0x00000000d5580000, 0x00000000dab80000, 0x0000000100000000)
  eden space 66048K, 0% used [0x00000000d5580000,0x00000000d5580000,0x00000000d9600000)
  from space 10240K, 82% used [0x00000000da080000,0x00000000da8c5e38,0x00000000daa80000)
  to   space 10752K, 0% used [0x00000000d9600000,0x00000000d9600000,0x00000000da080000)
 ParOldGen       total 87552K, used 6593K [0x0000000080000000, 0x0000000085580000, 0x00000000d5580000)
  object space 87552K, 7% used [0x0000000080000000,0x00000000806707d8,0x0000000085580000)
 Metaspace       used 20487K, capacity 21146K, committed 21248K, reserved 1067008K
  class space    used 2853K, capacity 3033K, committed 3072K, reserved 1048576K
Event: 5.310 GC heap after
Heap after GC invocations=7 (full 1):
 PSYoungGen      total 76288K, used 0K [0x00000000d5580000, 0x00000000dab80000, 0x0000000100000000)
  eden space 66048K, 0% used [0x00000000d5580000,0x00000000d5580000,0x00000000d9600000)
  from space 10240K, 0% used [0x00000000da080000,0x00000000da080000,0x00000000daa80000)
  to   space 10752K, 0% used [0x00000000d9600000,0x00000000d9600000,0x00000000da080000)
 ParOldGen       total 57856K, used 9002K [0x0000000080000000, 0x0000000083880000, 0x00000000d5580000)
  object space 57856K, 15% used [0x0000000080000000,0x00000000808ca968,0x0000000083880000)
 Metaspace       used 20487K, capacity 21146K, committed 21248K, reserved 1067008K
  class space    used 2853K, capacity 3033K, committed 3072K, reserved 1048576K
}
Event: 6.311 GC heap before
{Heap before GC invocations=8 (full 1):
 PSYoungGen      total 76288K, used 66048K [0x00000000d5580000, 0x00000000dab80000, 0x0000000100000000)
  eden space 66048K, 100% used [0x00000000d5580000,0x00000000d9600000,0x00000000d9600000)
  from space 10240K, 0% used [0x00000000da080000,0x00000000da080000,0x00000000daa80000)
  to   space 10752K, 0% used [0x00000000d9600000,0x00000000d9600000,0x00000000da080000)
 ParOldGen       total 57856K, used 9002K [0x0000000080000000, 0x0000000083880000, 0x00000000d5580000)
  object space 57856K, 15% used [0x0000000080000000,0x00000000808ca968,0x0000000083880000)
 Metaspace       used 24430K, capacity 25400K, committed 25600K, reserved 1071104K
  class space    used 3486K, capacity 3768K, committed 3840K, reserved 1048576K
Event: 6.318 GC heap after
Heap after GC invocations=8 (full 1):
 PSYoungGen      total 76800K, used 5392K [0x00000000d5580000, 0x00000000dd180000, 0x0000000100000000)
  eden space 66048K, 0% used [0x00000000d5580000,0x00000000d5580000,0x00000000d9600000)
  from space 10752K, 50% used [0x00000000d9600000,0x00000000d9b44368,0x00000000da080000)
  to   space 10240K, 0% used [0x00000000dc780000,0x00000000dc780000,0x00000000dd180000)
 ParOldGen       total 57856K, used 9010K [0x0000000080000000, 0x0000000083880000, 0x00000000d5580000)
  object space 57856K, 15% used [0x0000000080000000,0x00000000808cc968,0x0000000083880000)
 Metaspace       used 24430K, capacity 25400K, committed 25600K, reserved 1071104K
  class space    used 3486K, capacity 3768K, committed 3840K, reserved 1048576K
}
Event: 7.700 GC heap before
{Heap before GC invocations=9 (full 1):
 PSYoungGen      total 76800K, used 71440K [0x00000000d5580000, 0x00000000dd180000, 0x0000000100000000)
  eden space 66048K, 100% used [0x00000000d5580000,0x00000000d9600000,0x00000000d9600000)
  from space 10752K, 50% used [0x00000000d9600000,0x00000000d9b44368,0x00000000da080000)
  to   space 10240K, 0% used [0x00000000dc780000,0x00000000dc780000,0x00000000dd180000)
 ParOldGen       total 57856K, used 9010K [0x0000000080000000, 0x0000000083880000, 0x00000000d5580000)
  object space 57856K, 15% used [0x0000000080000000,0x00000000808cc968,0x0000000083880000)
 Metaspace       used 32864K, capacity 33996K, committed 34304K, reserved 1079296K
  class space    used 4430K, capacity 4737K, committed 4864K, reserved 1048576K
Event: 7.726 GC heap after
Heap after GC invocations=9 (full 1):
 PSYoungGen      total 115200K, used 9813K [0x00000000d5580000, 0x00000000dd500000, 0x0000000100000000)
  eden space 104960K, 0% used [0x00000000d5580000,0x00000000d5580000,0x00000000dbc00000)
  from space 10240K, 95% used [0x00000000dc780000,0x00000000dd115610,0x00000000dd180000)
  to   space 11776K, 0% used [0x00000000dbc00000,0x00000000dbc00000,0x00000000dc780000)
 ParOldGen       total 57856K, used 9018K [0x0000000080000000, 0x0000000083880000, 0x00000000d5580000)
  object space 57856K, 15% used [0x0000000080000000,0x00000000808ce968,0x0000000083880000)
 Metaspace       used 32864K, capacity 33996K, committed 34304K, reserved 1079296K
  class space    used 4430K, capacity 4737K, committed 4864K, reserved 1048576K
}
Event: 8.577 GC heap before
{Heap before GC invocations=10 (full 1):
 PSYoungGen      total 115200K, used 42711K [0x00000000d5580000, 0x00000000dd500000, 0x0000000100000000)
  eden space 104960K, 31% used [0x00000000d5580000,0x00000000d75a0810,0x00000000dbc00000)
  from space 10240K, 95% used [0x00000000dc780000,0x00000000dd115610,0x00000000dd180000)
  to   space 11776K, 0% used [0x00000000dbc00000,0x00000000dbc00000,0x00000000dc780000)
 ParOldGen       total 57856K, used 9018K [0x0000000080000000, 0x0000000083880000, 0x00000000d5580000)
  object space 57856K, 15% used [0x0000000080000000,0x00000000808ce968,0x0000000083880000)
 Metaspace       used 33977K, capacity 35250K, committed 35416K, reserved 1079296K
  class space    used 4589K, capacity 4880K, committed 4992K, reserved 1048576K
Event: 8.624 GC heap after
Heap after GC invocations=10 (full 1):
 PSYoungGen      total 116736K, used 7937K [0x00000000d5580000, 0x00000000dd500000, 0x0000000100000000)
  eden space 104960K, 0% used [0x00000000d5580000,0x00000000d5580000,0x00000000dbc00000)
  from space 11776K, 67% used [0x00000000dbc00000,0x00000000dc3c07b0,0x00000000dc780000)
  to   space 10240K, 0% used [0x00000000dc780000,0x00000000dc780000,0x00000000dd180000)
 ParOldGen       total 57856K, used 9026K [0x0000000080000000, 0x0000000083880000, 0x00000000d5580000)
  object space 57856K, 15% used [0x0000000080000000,0x00000000808d0968,0x0000000083880000)
 Metaspace       used 33977K, capacity 35250K, committed 35416K, reserved 1079296K
  class space    used 4589K, capacity 4880K, committed 4992K, reserved 1048576K
}
Event: 8.624 GC heap before
{Heap before GC invocations=11 (full 2):
 PSYoungGen      total 116736K, used 7937K [0x00000000d5580000, 0x00000000dd500000, 0x0000000100000000)
  eden space 104960K, 0% used [0x00000000d5580000,0x00000000d5580000,0x00000000dbc00000)
  from space 11776K, 67% used [0x00000000dbc00000,0x00000000dc3c07b0,0x00000000dc780000)
  to   space 10240K, 0% used [0x00000000dc780000,0x00000000dc780000,0x00000000dd180000)
 ParOldGen       total 57856K, used 9026K [0x0000000080000000, 0x0000000083880000, 0x00000000d5580000)
  object space 57856K, 15% used [0x0000000080000000,0x00000000808d0968,0x0000000083880000)
 Metaspace       used 33977K, capacity 35250K, committed 35416K, reserved 1079296K
  class space    used 4589K, capacity 4880K, committed 4992K, reserved 1048576K
Event: 8.751 GC heap after
Heap after GC invocations=11 (full 2):
 PSYoungGen      total 116736K, used 0K [0x00000000d5580000, 0x00000000dd500000, 0x0000000100000000)
  eden space 104960K, 0% used [0x00000000d5580000,0x00000000d5580000,0x00000000dbc00000)
  from space 11776K, 0% used [0x00000000dbc00000,0x00000000dbc00000,0x00000000dc780000)
  to   space 10240K, 0% used [0x00000000dc780000,0x00000000dc780000,0x00000000dd180000)
 ParOldGen       total 57856K, used 14416K [0x0000000080000000, 0x0000000083880000, 0x00000000d5580000)
  object space 57856K, 24% used [0x0000000080000000,0x0000000080e14140,0x0000000083880000)
 Metaspace       used 33977K, capacity 35250K, committed 35416K, reserved 1079296K
  class space    used 4589K, capacity 4880K, committed 4992K, reserved 1048576K
}

