# JRE version: OpenJDK Runtime Environment (8.0_242-b01) (build 1.8.0_242-release-1644-b01)
# Java VM: OpenJDK 64-Bit Server VM (25.242-b01 mixed mode windows-amd64 compressed oops)
Heap:
 PSYoungGen      total 138240K, used 71339K [0x00000000d5580000, 0x00000000de180000, 0x0000000100000000)
  eden space 133120K, 53% used [0x00000000d5580000,0x00000000d9b2ad70,0x00000000dd780000)
  from space 5120K, 0% used [0x00000000ddc80000,0x00000000ddc80000,0x00000000de180000)
  to   space 5120K, 0% used [0x00000000dd780000,0x00000000dd780000,0x00000000ddc80000)
 ParOldGen       total 109056K, used 14580K [0x0000000080000000, 0x0000000086a80000, 0x00000000d5580000)
  object space 109056K, 13% used [0x0000000080000000,0x0000000080e3d1d0,0x0000000086a80000)
 Metaspace       used 39401K, capacity 40910K, committed 41048K, reserved 1085440K
  class space    used 5298K, capacity 5652K, committed 5760K, reserved 1048576K
GC Heap History (10 events):
Event: 5.199 GC heap before
{Heap before GC invocations=4 (full 0):
 PSYoungGen      total 71680K, used 71503K [0x00000000d5580000, 0x00000000de180000, 0x0000000100000000)
  eden space 66560K, 99% used [0x00000000d5580000,0x00000000d965bce8,0x00000000d9680000)
  from space 5120K, 99% used [0x00000000d9680000,0x00000000d9b78020,0x00000000d9b80000)
  to   space 5120K, 0% used [0x00000000ddc80000,0x00000000ddc80000,0x00000000de180000)
 ParOldGen       total 87552K, used 4156K [0x0000000080000000, 0x0000000085580000, 0x00000000d5580000)
  object space 87552K, 4% used [0x0000000080000000,0x000000008040f300,0x0000000085580000)
 Metaspace       used 20480K, capacity 21146K, committed 21248K, reserved 1067008K
  class space    used 2852K, capacity 3033K, committed 3072K, reserved 1048576K
Event: 5.224 GC heap after
Heap after GC invocations=4 (full 0):
 PSYoungGen      total 138240K, used 5108K [0x00000000d5580000, 0x00000000de180000, 0x0000000100000000)
  eden space 133120K, 0% used [0x00000000d5580000,0x00000000d5580000,0x00000000dd780000)
  from space 5120K, 99% used [0x00000000ddc80000,0x00000000de17d060,0x00000000de180000)
  to   space 5120K, 0% used [0x00000000dd780000,0x00000000dd780000,0x00000000ddc80000)
 ParOldGen       total 87552K, used 10663K [0x0000000080000000, 0x0000000085580000, 0x00000000d5580000)
  object space 87552K, 12% used [0x0000000080000000,0x0000000080a69fe0,0x0000000085580000)
 Metaspace       used 20480K, capacity 21146K, committed 21248K, reserved 1067008K
  class space    used 2852K, capacity 3033K, committed 3072K, reserved 1048576K
}
Event: 5.224 GC heap before
{Heap before GC invocations=5 (full 1):
 PSYoungGen      total 138240K, used 5108K [0x00000000d5580000, 0x00000000de180000, 0x0000000100000000)
  eden space 133120K, 0% used [0x00000000d5580000,0x00000000d5580000,0x00000000dd780000)
  from space 5120K, 99% used [0x00000000ddc80000,0x00000000de17d060,0x00000000de180000)
  to   space 5120K, 0% used [0x00000000dd780000,0x00000000dd780000,0x00000000ddc80000)
 ParOldGen       total 87552K, used 10663K [0x0000000080000000, 0x0000000085580000, 0x00000000d5580000)
  object space 87552K, 12% used [0x0000000080000000,0x0000000080a69fe0,0x0000000085580000)
 Metaspace       used 20480K, capacity 21146K, committed 21248K, reserved 1067008K
  class space    used 2852K, capacity 3033K, committed 3072K, reserved 1048576K
Event: 5.294 GC heap after
Heap after GC invocations=5 (full 1):
 PSYoungGen      total 138240K, used 0K [0x00000000d5580000, 0x00000000de180000, 0x0000000100000000)
  eden space 133120K, 0% used [0x00000000d5580000,0x00000000d5580000,0x00000000dd780000)
  from space 5120K, 0% used [0x00000000ddc80000,0x00000000ddc80000,0x00000000de180000)
  to   space 5120K, 0% used [0x00000000dd780000,0x00000000dd780000,0x00000000ddc80000)
 ParOldGen       total 68096K, used 11320K [0x0000000080000000, 0x0000000084280000, 0x00000000d5580000)
  object space 68096K, 16% used [0x0000000080000000,0x0000000080b0e3e8,0x0000000084280000)
 Metaspace       used 20480K, capacity 21146K, committed 21248K, reserved 1067008K
  class space    used 2852K, capacity 3033K, committed 3072K, reserved 1048576K
}
Event: 8.132 GC heap before
{Heap before GC invocations=6 (full 1):
 PSYoungGen      total 138240K, used 133120K [0x00000000d5580000, 0x00000000de180000, 0x0000000100000000)
  eden space 133120K, 100% used [0x00000000d5580000,0x00000000dd780000,0x00000000dd780000)
  from space 5120K, 0% used [0x00000000ddc80000,0x00000000ddc80000,0x00000000de180000)
  to   space 5120K, 0% used [0x00000000dd780000,0x00000000dd780000,0x00000000ddc80000)
 ParOldGen       total 68096K, used 11320K [0x0000000080000000, 0x0000000084280000, 0x00000000d5580000)
  object space 68096K, 16% used [0x0000000080000000,0x0000000080b0e3e8,0x0000000084280000)
 Metaspace       used 32523K, capacity 33626K, committed 33920K, reserved 1079296K
  class space    used 4378K, capacity 4658K, committed 4736K, reserved 1048576K
Event: 8.156 GC heap after
Heap after GC invocations=6 (full 1):
 PSYoungGen      total 138240K, used 5104K [0x00000000d5580000, 0x00000000de180000, 0x0000000100000000)
  eden space 133120K, 0% used [0x00000000d5580000,0x00000000d5580000,0x00000000dd780000)
  from space 5120K, 99% used [0x00000000dd780000,0x00000000ddc7c010,0x00000000ddc80000)
  to   space 5120K, 0% used [0x00000000ddc80000,0x00000000ddc80000,0x00000000de180000)
 ParOldGen       total 68096K, used 19027K [0x0000000080000000, 0x0000000084280000, 0x00000000d5580000)
  object space 68096K, 27% used [0x0000000080000000,0x0000000081294e80,0x0000000084280000)
 Metaspace       used 32523K, capacity 33626K, committed 33920K, reserved 1079296K
  class space    used 4378K, capacity 4658K, committed 4736K, reserved 1048576K
}
Event: 8.897 GC heap before
{Heap before GC invocations=7 (full 1):
 PSYoungGen      total 138240K, used 43368K [0x00000000d5580000, 0x00000000de180000, 0x0000000100000000)
  eden space 133120K, 28% used [0x00000000d5580000,0x00000000d7ade0a8,0x00000000dd780000)
  from space 5120K, 99% used [0x00000000dd780000,0x00000000ddc7c010,0x00000000ddc80000)
  to   space 5120K, 0% used [0x00000000ddc80000,0x00000000ddc80000,0x00000000de180000)
 ParOldGen       total 68096K, used 19027K [0x0000000080000000, 0x0000000084280000, 0x00000000d5580000)
  object space 68096K, 27% used [0x0000000080000000,0x0000000081294e80,0x0000000084280000)
 Metaspace       used 33980K, capacity 35250K, committed 35416K, reserved 1079296K
  class space    used 4586K, capacity 4880K, committed 4992K, reserved 1048576K
Event: 8.921 GC heap after
Heap after GC invocations=7 (full 1):
 PSYoungGen      total 138240K, used 5120K [0x00000000d5580000, 0x00000000de180000, 0x0000000100000000)
  eden space 133120K, 0% used [0x00000000d5580000,0x00000000d5580000,0x00000000dd780000)
  from space 5120K, 100% used [0x00000000ddc80000,0x00000000de180000,0x00000000de180000)
  to   space 5120K, 0% used [0x00000000dd780000,0x00000000dd780000,0x00000000ddc80000)
 ParOldGen       total 68096K, used 21815K [0x0000000080000000, 0x0000000084280000, 0x00000000d5580000)
  object space 68096K, 32% used [0x0000000080000000,0x000000008154de40,0x0000000084280000)
 Metaspace       used 33980K, capacity 35250K, committed 35416K, reserved 1079296K
  class space    used 4586K, capacity 4880K, committed 4992K, reserved 1048576K
}
Event: 8.921 GC heap before
{Heap before GC invocations=8 (full 2):
 PSYoungGen      total 138240K, used 5120K [0x00000000d5580000, 0x00000000de180000, 0x0000000100000000)
  eden space 133120K, 0% used [0x00000000d5580000,0x00000000d5580000,0x00000000dd780000)
  from space 5120K, 100% used [0x00000000ddc80000,0x00000000de180000,0x00000000de180000)
  to   space 5120K, 0% used [0x00000000dd780000,0x00000000dd780000,0x00000000ddc80000)
 ParOldGen       total 68096K, used 21815K [0x0000000080000000, 0x0000000084280000, 0x00000000d5580000)
  object space 68096K, 32% used [0x0000000080000000,0x000000008154de40,0x0000000084280000)
 Metaspace       used 33980K, capacity 35250K, committed 35416K, reserved 1079296K
  class space    used 4586K, capacity 4880K, committed 4992K, reserved 1048576K
Event: 9.230 GC heap after
Heap after GC invocations=8 (full 2):
 PSYoungGen      total 138240K, used 0K [0x00000000d5580000, 0x00000000de180000, 0x0000000100000000)
  eden space 133120K, 0% used [0x00000000d5580000,0x00000000d5580000,0x00000000dd780000)
  from space 5120K, 0% used [0x00000000ddc80000,0x00000000ddc80000,0x00000000de180000)
  to   space 5120K, 0% used [0x00000000dd780000,0x00000000dd780000,0x00000000ddc80000)
 ParOldGen       total 109056K, used 14580K [0x0000000080000000, 0x0000000086a80000, 0x00000000d5580000)
  object space 109056K, 13% used [0x0000000080000000,0x0000000080e3d1d0,0x0000000086a80000)
 Metaspace       used 33980K, capacity 35250K, committed 35416K, reserved 1079296K
  class space    used 4586K, capacity 4880K, committed 4992K, reserved 1048576K
}

