# JRE version: OpenJDK Runtime Environment (8.0_242-b01) (build 1.8.0_242-release-1644-b01)
# Java VM: OpenJDK 64-Bit Server VM (25.242-b01 mixed mode windows-amd64 compressed oops)
Heap:
 PSYoungGen      total 56320K, used 39227K [0x00000000d5580000, 0x00000000da800000, 0x0000000100000000)
  eden space 45056K, 87% used [0x00000000d5580000,0x00000000d7bcec58,0x00000000d8180000)
  from space 11264K, 0% used [0x00000000d8180000,0x00000000d8180000,0x00000000d8c80000)
  to   space 10752K, 0% used [0x00000000d9d80000,0x00000000d9d80000,0x00000000da800000)
 ParOldGen       total 90624K, used 12809K [0x0000000080000000, 0x0000000085880000, 0x00000000d5580000)
  object space 90624K, 14% used [0x0000000080000000,0x0000000080c827d0,0x0000000085880000)
 Metaspace       used 37177K, capacity 38566K, committed 38784K, reserved 1083392K
  class space    used 4903K, capacity 5214K, committed 5248K, reserved 1048576K
GC Heap History (10 events):
Event: 18.615 GC heap before
{Heap before GC invocations=9 (full 1):
 PSYoungGen      total 43008K, used 34829K [0x00000000d5580000, 0x00000000d9300000, 0x0000000100000000)
  eden space 32256K, 100% used [0x00000000d5580000,0x00000000d7500000,0x00000000d7500000)
  from space 10752K, 23% used [0x00000000d7500000,0x00000000d7783448,0x00000000d7f80000)
  to   space 11264K, 0% used [0x00000000d8800000,0x00000000d8800000,0x00000000d9300000)
 ParOldGen       total 70144K, used 9087K [0x0000000080000000, 0x0000000084480000, 0x00000000d5580000)
  object space 70144K, 12% used [0x0000000080000000,0x00000000808dfeb0,0x0000000084480000)
 Metaspace       used 25115K, capacity 26082K, committed 26112K, reserved 1071104K
  class space    used 3584K, capacity 3819K, committed 3840K, reserved 1048576K
Event: 18.622 GC heap after
Heap after GC invocations=9 (full 1):
 PSYoungGen      total 48640K, used 4476K [0x00000000d5580000, 0x00000000d9100000, 0x0000000100000000)
  eden space 39424K, 0% used [0x00000000d5580000,0x00000000d5580000,0x00000000d7c00000)
  from space 9216K, 48% used [0x00000000d8800000,0x00000000d8c5f130,0x00000000d9100000)
  to   space 10752K, 0% used [0x00000000d7c00000,0x00000000d7c00000,0x00000000d8680000)
 ParOldGen       total 70144K, used 9095K [0x0000000080000000, 0x0000000084480000, 0x00000000d5580000)
  object space 70144K, 12% used [0x0000000080000000,0x00000000808e1eb0,0x0000000084480000)
 Metaspace       used 25115K, capacity 26082K, committed 26112K, reserved 1071104K
  class space    used 3584K, capacity 3819K, committed 3840K, reserved 1048576K
}
Event: 21.693 GC heap before
{Heap before GC invocations=10 (full 1):
 PSYoungGen      total 48640K, used 43900K [0x00000000d5580000, 0x00000000d9100000, 0x0000000100000000)
  eden space 39424K, 100% used [0x00000000d5580000,0x00000000d7c00000,0x00000000d7c00000)
  from space 9216K, 48% used [0x00000000d8800000,0x00000000d8c5f130,0x00000000d9100000)
  to   space 10752K, 0% used [0x00000000d7c00000,0x00000000d7c00000,0x00000000d8680000)
 ParOldGen       total 70144K, used 9095K [0x0000000080000000, 0x0000000084480000, 0x00000000d5580000)
  object space 70144K, 12% used [0x0000000080000000,0x00000000808e1eb0,0x0000000084480000)
 Metaspace       used 31683K, capacity 32778K, committed 33024K, reserved 1077248K
  class space    used 4259K, capacity 4548K, committed 4608K, reserved 1048576K
Event: 21.702 GC heap after
Heap after GC invocations=10 (full 1):
 PSYoungGen      total 50176K, used 7748K [0x00000000d5580000, 0x00000000d9780000, 0x0000000100000000)
  eden space 39424K, 0% used [0x00000000d5580000,0x00000000d5580000,0x00000000d7c00000)
  from space 10752K, 72% used [0x00000000d7c00000,0x00000000d8391068,0x00000000d8680000)
  to   space 11264K, 0% used [0x00000000d8c80000,0x00000000d8c80000,0x00000000d9780000)
 ParOldGen       total 70144K, used 9103K [0x0000000080000000, 0x0000000084480000, 0x00000000d5580000)
  object space 70144K, 12% used [0x0000000080000000,0x00000000808e3eb0,0x0000000084480000)
 Metaspace       used 31683K, capacity 32778K, committed 33024K, reserved 1077248K
  class space    used 4259K, capacity 4548K, committed 4608K, reserved 1048576K
}
Event: 23.028 GC heap before
{Heap before GC invocations=11 (full 1):
 PSYoungGen      total 50176K, used 47172K [0x00000000d5580000, 0x00000000d9780000, 0x0000000100000000)
  eden space 39424K, 100% used [0x00000000d5580000,0x00000000d7c00000,0x00000000d7c00000)
  from space 10752K, 72% used [0x00000000d7c00000,0x00000000d8391068,0x00000000d8680000)
  to   space 11264K, 0% used [0x00000000d8c80000,0x00000000d8c80000,0x00000000d9780000)
 ParOldGen       total 70144K, used 9103K [0x0000000080000000, 0x0000000084480000, 0x00000000d5580000)
  object space 70144K, 12% used [0x0000000080000000,0x00000000808e3eb0,0x0000000084480000)
 Metaspace       used 33956K, capacity 35114K, committed 35456K, reserved 1079296K
  class space    used 4596K, capacity 4886K, committed 4992K, reserved 1048576K
Event: 23.045 GC heap after
Heap after GC invocations=11 (full 1):
 PSYoungGen      total 56320K, used 8230K [0x00000000d5580000, 0x00000000d9980000, 0x0000000100000000)
  eden space 45056K, 0% used [0x00000000d5580000,0x00000000d5580000,0x00000000d8180000)
  from space 11264K, 73% used [0x00000000d8c80000,0x00000000d9489be0,0x00000000d9780000)
  to   space 11264K, 0% used [0x00000000d8180000,0x00000000d8180000,0x00000000d8c80000)
 ParOldGen       total 70144K, used 9111K [0x0000000080000000, 0x0000000084480000, 0x00000000d5580000)
  object space 70144K, 12% used [0x0000000080000000,0x00000000808e5eb0,0x0000000084480000)
 Metaspace       used 33956K, capacity 35114K, committed 35456K, reserved 1079296K
  class space    used 4596K, capacity 4886K, committed 4992K, reserved 1048576K
}
Event: 23.199 GC heap before
{Heap before GC invocations=12 (full 1):
 PSYoungGen      total 56320K, used 9931K [0x00000000d5580000, 0x00000000d9980000, 0x0000000100000000)
  eden space 45056K, 3% used [0x00000000d5580000,0x00000000d57291c0,0x00000000d8180000)
  from space 11264K, 73% used [0x00000000d8c80000,0x00000000d9489be0,0x00000000d9780000)
  to   space 11264K, 0% used [0x00000000d8180000,0x00000000d8180000,0x00000000d8c80000)
 ParOldGen       total 70144K, used 9111K [0x0000000080000000, 0x0000000084480000, 0x00000000d5580000)
  object space 70144K, 12% used [0x0000000080000000,0x00000000808e5eb0,0x0000000084480000)
 Metaspace       used 34178K, capacity 35338K, committed 35456K, reserved 1079296K
  class space    used 4621K, capacity 4918K, committed 4992K, reserved 1048576K
Event: 23.211 GC heap after
Heap after GC invocations=12 (full 1):
 PSYoungGen      total 56320K, used 6268K [0x00000000d5580000, 0x00000000da800000, 0x0000000100000000)
  eden space 45056K, 0% used [0x00000000d5580000,0x00000000d5580000,0x00000000d8180000)
  from space 11264K, 55% used [0x00000000d8180000,0x00000000d879f110,0x00000000d8c80000)
  to   space 10752K, 0% used [0x00000000d9d80000,0x00000000d9d80000,0x00000000da800000)
 ParOldGen       total 70144K, used 9111K [0x0000000080000000, 0x0000000084480000, 0x00000000d5580000)
  object space 70144K, 12% used [0x0000000080000000,0x00000000808e5eb0,0x0000000084480000)
 Metaspace       used 34178K, capacity 35338K, committed 35456K, reserved 1079296K
  class space    used 4621K, capacity 4918K, committed 4992K, reserved 1048576K
}
Event: 23.211 GC heap before
{Heap before GC invocations=13 (full 2):
 PSYoungGen      total 56320K, used 6268K [0x00000000d5580000, 0x00000000da800000, 0x0000000100000000)
  eden space 45056K, 0% used [0x00000000d5580000,0x00000000d5580000,0x00000000d8180000)
  from space 11264K, 55% used [0x00000000d8180000,0x00000000d879f110,0x00000000d8c80000)
  to   space 10752K, 0% used [0x00000000d9d80000,0x00000000d9d80000,0x00000000da800000)
 ParOldGen       total 70144K, used 9111K [0x0000000080000000, 0x0000000084480000, 0x00000000d5580000)
  object space 70144K, 12% used [0x0000000080000000,0x00000000808e5eb0,0x0000000084480000)
 Metaspace       used 34178K, capacity 35338K, committed 35456K, reserved 1079296K
  class space    used 4621K, capacity 4918K, committed 4992K, reserved 1048576K
Event: 23.282 GC heap after
Heap after GC invocations=13 (full 2):
 PSYoungGen      total 56320K, used 0K [0x00000000d5580000, 0x00000000da800000, 0x0000000100000000)
  eden space 45056K, 0% used [0x00000000d5580000,0x00000000d5580000,0x00000000d8180000)
  from space 11264K, 0% used [0x00000000d8180000,0x00000000d8180000,0x00000000d8c80000)
  to   space 10752K, 0% used [0x00000000d9d80000,0x00000000d9d80000,0x00000000da800000)
 ParOldGen       total 90624K, used 12809K [0x0000000080000000, 0x0000000085880000, 0x00000000d5580000)
  object space 90624K, 14% used [0x0000000080000000,0x0000000080c827d0,0x0000000085880000)
 Metaspace       used 34178K, capacity 35338K, committed 35456K, reserved 1079296K
  class space    used 4621K, capacity 4918K, committed 4992K, reserved 1048576K
}

