# JRE version: OpenJDK Runtime Environment (8.0_242-b01) (build 1.8.0_242-release-1644-b01)
# Java VM: OpenJDK 64-Bit Server VM (25.242-b01 mixed mode windows-amd64 compressed oops)
Heap:
 PSYoungGen      total 75776K, used 21539K [0x00000000d5580000, 0x00000000db800000, 0x0000000100000000)
  eden space 65024K, 24% used [0x00000000d5580000,0x00000000d64bdd60,0x00000000d9500000)
  from space 10752K, 55% used [0x00000000d9f80000,0x00000000da54b038,0x00000000daa00000)
  to   space 10752K, 0% used [0x00000000d9500000,0x00000000d9500000,0x00000000d9f80000)
 ParOldGen       total 122880K, used 5223K [0x0000000080000000, 0x0000000087800000, 0x00000000d5580000)
  object space 122880K, 4% used [0x0000000080000000,0x0000000080519d48,0x0000000087800000)
 Metaspace       used 15819K, capacity 16430K, committed 16640K, reserved 1064960K
  class space    used 2077K, capacity 2271K, committed 2304K, reserved 1048576K
GC Heap History (6 events):
Event: 1.330 GC heap before
{Heap before GC invocations=1 (full 0):
 PSYoungGen      total 75776K, used 60073K [0x00000000d5580000, 0x00000000daa00000, 0x0000000100000000)
  eden space 65024K, 92% used [0x00000000d5580000,0x00000000d902a440,0x00000000d9500000)
  from space 10752K, 0% used [0x00000000d9f80000,0x00000000d9f80000,0x00000000daa00000)
  to   space 10752K, 0% used [0x00000000d9500000,0x00000000d9500000,0x00000000d9f80000)
 ParOldGen       total 173568K, used 0K [0x0000000080000000, 0x000000008a980000, 0x00000000d5580000)
  object space 173568K, 0% used [0x0000000080000000,0x0000000080000000,0x000000008a980000)
 Metaspace       used 7370K, capacity 7578K, committed 7680K, reserved 1060864K
  class space    used 898K, capacity 973K, committed 1024K, reserved 1048576K
Event: 1.336 GC heap after
Heap after GC invocations=1 (full 0):
 PSYoungGen      total 75776K, used 5398K [0x00000000d5580000, 0x00000000daa00000, 0x0000000100000000)
  eden space 65024K, 0% used [0x00000000d5580000,0x00000000d5580000,0x00000000d9500000)
  from space 10752K, 50% used [0x00000000d9500000,0x00000000d9a458d0,0x00000000d9f80000)
  to   space 10752K, 0% used [0x00000000d9f80000,0x00000000d9f80000,0x00000000daa00000)
 ParOldGen       total 173568K, used 8K [0x0000000080000000, 0x000000008a980000, 0x00000000d5580000)
  object space 173568K, 0% used [0x0000000080000000,0x0000000080002000,0x000000008a980000)
 Metaspace       used 7370K, capacity 7578K, committed 7680K, reserved 1060864K
  class space    used 898K, capacity 973K, committed 1024K, reserved 1048576K
}
Event: 1.336 GC heap before
{Heap before GC invocations=2 (full 1):
 PSYoungGen      total 75776K, used 5398K [0x00000000d5580000, 0x00000000daa00000, 0x0000000100000000)
  eden space 65024K, 0% used [0x00000000d5580000,0x00000000d5580000,0x00000000d9500000)
  from space 10752K, 50% used [0x00000000d9500000,0x00000000d9a458d0,0x00000000d9f80000)
  to   space 10752K, 0% used [0x00000000d9f80000,0x00000000d9f80000,0x00000000daa00000)
 ParOldGen       total 173568K, used 8K [0x0000000080000000, 0x000000008a980000, 0x00000000d5580000)
  object space 173568K, 0% used [0x0000000080000000,0x0000000080002000,0x000000008a980000)
 Metaspace       used 7370K, capacity 7578K, committed 7680K, reserved 1060864K
  class space    used 898K, capacity 973K, committed 1024K, reserved 1048576K
Event: 1.360 GC heap after
Heap after GC invocations=2 (full 1):
 PSYoungGen      total 75776K, used 0K [0x00000000d5580000, 0x00000000daa00000, 0x0000000100000000)
  eden space 65024K, 0% used [0x00000000d5580000,0x00000000d5580000,0x00000000d9500000)
  from space 10752K, 0% used [0x00000000d9500000,0x00000000d9500000,0x00000000d9f80000)
  to   space 10752K, 0% used [0x00000000d9f80000,0x00000000d9f80000,0x00000000daa00000)
 ParOldGen       total 122880K, used 5215K [0x0000000080000000, 0x0000000087800000, 0x00000000d5580000)
  object space 122880K, 4% used [0x0000000080000000,0x0000000080517d48,0x0000000087800000)
 Metaspace       used 7370K, capacity 7578K, committed 7680K, reserved 1058816K
  class space    used 898K, capacity 973K, committed 1024K, reserved 1048576K
}
Event: 3.499 GC heap before
{Heap before GC invocations=3 (full 1):
 PSYoungGen      total 75776K, used 65024K [0x00000000d5580000, 0x00000000daa00000, 0x0000000100000000)
  eden space 65024K, 100% used [0x00000000d5580000,0x00000000d9500000,0x00000000d9500000)
  from space 10752K, 0% used [0x00000000d9500000,0x00000000d9500000,0x00000000d9f80000)
  to   space 10752K, 0% used [0x00000000d9f80000,0x00000000d9f80000,0x00000000daa00000)
 ParOldGen       total 122880K, used 5215K [0x0000000080000000, 0x0000000087800000, 0x00000000d5580000)
  object space 122880K, 4% used [0x0000000080000000,0x0000000080517d48,0x0000000087800000)
 Metaspace       used 13563K, capacity 13996K, committed 14080K, reserved 1062912K
  class space    used 1862K, capacity 1992K, committed 2048K, reserved 1048576K
Event: 3.511 GC heap after
Heap after GC invocations=3 (full 1):
 PSYoungGen      total 75776K, used 5932K [0x00000000d5580000, 0x00000000db800000, 0x0000000100000000)
  eden space 65024K, 0% used [0x00000000d5580000,0x00000000d5580000,0x00000000d9500000)
  from space 10752K, 55% used [0x00000000d9f80000,0x00000000da54b038,0x00000000daa00000)
  to   space 10752K, 0% used [0x00000000d9500000,0x00000000d9500000,0x00000000d9f80000)
 ParOldGen       total 122880K, used 5223K [0x0000000080000000, 0x0000000087800000, 0x00000000d5580000)
  object space 122880K, 4% used [0x0000000080000000,0x0000000080519d48,0x0000000087800000)
 Metaspace       used 13563K, capacity 13996K, committed 14080K, reserved 1062912K
  class space    used 1862K, capacity 1992K, committed 2048K, reserved 1048576K
}

