# JRE version: OpenJDK Runtime Environment (8.0_242-b01) (build 1.8.0_242-release-1644-b01)
# Java VM: OpenJDK 64-Bit Server VM (25.242-b01 mixed mode windows-amd64 compressed oops)
Heap:
 PSYoungGen      total 75776K, used 56922K [0x00000000d5580000, 0x00000000daa00000, 0x0000000100000000)
  eden space 65024K, 87% used [0x00000000d5580000,0x00000000d8d169e0,0x00000000d9500000)
  from space 10752K, 0% used [0x00000000d9f80000,0x00000000d9f80000,0x00000000daa00000)
  to   space 10752K, 0% used [0x00000000d9500000,0x00000000d9500000,0x00000000d9f80000)
 ParOldGen       total 112128K, used 6394K [0x0000000080000000, 0x0000000086d80000, 0x00000000d5580000)
  object space 112128K, 5% used [0x0000000080000000,0x000000008063ea28,0x0000000086d80000)
 Metaspace       used 17098K, capacity 17722K, committed 17920K, reserved 1067008K
  class space    used 2324K, capacity 2509K, committed 2560K, reserved 1048576K
GC Heap History (6 events):
Event: 1.083 GC heap before
{Heap before GC invocations=1 (full 0):
 PSYoungGen      total 75776K, used 65024K [0x00000000d5580000, 0x00000000daa00000, 0x0000000100000000)
  eden space 65024K, 100% used [0x00000000d5580000,0x00000000d9500000,0x00000000d9500000)
  from space 10752K, 0% used [0x00000000d9f80000,0x00000000d9f80000,0x00000000daa00000)
  to   space 10752K, 0% used [0x00000000d9500000,0x00000000d9500000,0x00000000d9f80000)
 ParOldGen       total 173568K, used 0K [0x0000000080000000, 0x000000008a980000, 0x00000000d5580000)
  object space 173568K, 0% used [0x0000000080000000,0x0000000080000000,0x000000008a980000)
 Metaspace       used 7422K, capacity 7638K, committed 7936K, reserved 1056768K
  class space    used 905K, capacity 973K, committed 1024K, reserved 1048576K
Event: 1.090 GC heap after
Heap after GC invocations=1 (full 0):
 PSYoungGen      total 75776K, used 5573K [0x00000000d5580000, 0x00000000daa00000, 0x0000000100000000)
  eden space 65024K, 0% used [0x00000000d5580000,0x00000000d5580000,0x00000000d9500000)
  from space 10752K, 51% used [0x00000000d9500000,0x00000000d9a714d0,0x00000000d9f80000)
  to   space 10752K, 0% used [0x00000000d9f80000,0x00000000d9f80000,0x00000000daa00000)
 ParOldGen       total 173568K, used 8K [0x0000000080000000, 0x000000008a980000, 0x00000000d5580000)
  object space 173568K, 0% used [0x0000000080000000,0x0000000080002000,0x000000008a980000)
 Metaspace       used 7422K, capacity 7638K, committed 7936K, reserved 1056768K
  class space    used 905K, capacity 973K, committed 1024K, reserved 1048576K
}
Event: 1.992 GC heap before
{Heap before GC invocations=2 (full 0):
 PSYoungGen      total 75776K, used 46575K [0x00000000d5580000, 0x00000000daa00000, 0x0000000100000000)
  eden space 65024K, 63% used [0x00000000d5580000,0x00000000d7d8aa50,0x00000000d9500000)
  from space 10752K, 51% used [0x00000000d9500000,0x00000000d9a714d0,0x00000000d9f80000)
  to   space 10752K, 0% used [0x00000000d9f80000,0x00000000d9f80000,0x00000000daa00000)
 ParOldGen       total 173568K, used 8K [0x0000000080000000, 0x000000008a980000, 0x00000000d5580000)
  object space 173568K, 0% used [0x0000000080000000,0x0000000080002000,0x000000008a980000)
 Metaspace       used 12430K, capacity 12762K, committed 12800K, reserved 1064960K
  class space    used 1669K, capacity 1781K, committed 1792K, reserved 1048576K
Event: 1.999 GC heap after
Heap after GC invocations=2 (full 0):
 PSYoungGen      total 75776K, used 6640K [0x00000000d5580000, 0x00000000daa00000, 0x0000000100000000)
  eden space 65024K, 0% used [0x00000000d5580000,0x00000000d5580000,0x00000000d9500000)
  from space 10752K, 61% used [0x00000000d9f80000,0x00000000da5fc010,0x00000000daa00000)
  to   space 10752K, 0% used [0x00000000d9500000,0x00000000d9500000,0x00000000d9f80000)
 ParOldGen       total 173568K, used 16K [0x0000000080000000, 0x000000008a980000, 0x00000000d5580000)
  object space 173568K, 0% used [0x0000000080000000,0x0000000080004000,0x000000008a980000)
 Metaspace       used 12430K, capacity 12762K, committed 12800K, reserved 1064960K
  class space    used 1669K, capacity 1781K, committed 1792K, reserved 1048576K
}
Event: 1.999 GC heap before
{Heap before GC invocations=3 (full 1):
 PSYoungGen      total 75776K, used 6640K [0x00000000d5580000, 0x00000000daa00000, 0x0000000100000000)
  eden space 65024K, 0% used [0x00000000d5580000,0x00000000d5580000,0x00000000d9500000)
  from space 10752K, 61% used [0x00000000d9f80000,0x00000000da5fc010,0x00000000daa00000)
  to   space 10752K, 0% used [0x00000000d9500000,0x00000000d9500000,0x00000000d9f80000)
 ParOldGen       total 173568K, used 16K [0x0000000080000000, 0x000000008a980000, 0x00000000d5580000)
  object space 173568K, 0% used [0x0000000080000000,0x0000000080004000,0x000000008a980000)
 Metaspace       used 12430K, capacity 12762K, committed 12800K, reserved 1064960K
  class space    used 1669K, capacity 1781K, committed 1792K, reserved 1048576K
Event: 2.024 GC heap after
Heap after GC invocations=3 (full 1):
 PSYoungGen      total 75776K, used 0K [0x00000000d5580000, 0x00000000daa00000, 0x0000000100000000)
  eden space 65024K, 0% used [0x00000000d5580000,0x00000000d5580000,0x00000000d9500000)
  from space 10752K, 0% used [0x00000000d9f80000,0x00000000d9f80000,0x00000000daa00000)
  to   space 10752K, 0% used [0x00000000d9500000,0x00000000d9500000,0x00000000d9f80000)
 ParOldGen       total 112128K, used 6394K [0x0000000080000000, 0x0000000086d80000, 0x00000000d5580000)
  object space 112128K, 5% used [0x0000000080000000,0x000000008063ea28,0x0000000086d80000)
 Metaspace       used 12430K, capacity 12762K, committed 12800K, reserved 1062912K
  class space    used 1669K, capacity 1781K, committed 1792K, reserved 1048576K
}

