# JRE version: OpenJDK Runtime Environment (8.0_242-b01) (build 1.8.0_242-release-1644-b01)
# Java VM: OpenJDK 64-Bit Server VM (25.242-b01 mixed mode windows-amd64 compressed oops)
Heap:
 PSYoungGen      total 112128K, used 41934K [0x00000000d5580000, 0x00000000dcf00000, 0x0000000100000000)
  eden space 99840K, 42% used [0x00000000d5580000,0x00000000d7e73888,0x00000000db700000)
  from space 12288K, 0% used [0x00000000db700000,0x00000000db700000,0x00000000dc300000)
  to   space 10240K, 0% used [0x00000000dc500000,0x00000000dc500000,0x00000000dcf00000)
 ParOldGen       total 136704K, used 13982K [0x0000000080000000, 0x0000000088580000, 0x00000000d5580000)
  object space 136704K, 10% used [0x0000000080000000,0x0000000080da7930,0x0000000088580000)
 Metaspace       used 37050K, capacity 38414K, committed 38528K, reserved 1083392K
  class space    used 4896K, capacity 5210K, committed 5248K, reserved 1048576K
GC Heap History (10 events):
Event: 4.185 GC heap before
{Heap before GC invocations=5 (full 1):
 PSYoungGen      total 75776K, used 7209K [0x00000000d5580000, 0x00000000daa00000, 0x0000000100000000)
  eden space 65024K, 0% used [0x00000000d5580000,0x00000000d5580000,0x00000000d9500000)
  from space 10752K, 67% used [0x00000000d9f80000,0x00000000da68a4e8,0x00000000daa00000)
  to   space 10752K, 0% used [0x00000000d9500000,0x00000000d9500000,0x00000000d9f80000)
 ParOldGen       total 173568K, used 810K [0x0000000080000000, 0x000000008a980000, 0x00000000d5580000)
  object space 173568K, 0% used [0x0000000080000000,0x00000000800ca8b0,0x000000008a980000)
 Metaspace       used 20533K, capacity 21230K, committed 21296K, reserved 1067008K
  class space    used 2865K, capacity 3041K, committed 3072K, reserved 1048576K
Event: 4.226 GC heap after
Heap after GC invocations=5 (full 1):
 PSYoungGen      total 75776K, used 0K [0x00000000d5580000, 0x00000000daa00000, 0x0000000100000000)
  eden space 65024K, 0% used [0x00000000d5580000,0x00000000d5580000,0x00000000d9500000)
  from space 10752K, 0% used [0x00000000d9f80000,0x00000000d9f80000,0x00000000daa00000)
  to   space 10752K, 0% used [0x00000000d9500000,0x00000000d9500000,0x00000000d9f80000)
 ParOldGen       total 97792K, used 7075K [0x0000000080000000, 0x0000000085f80000, 0x00000000d5580000)
  object space 97792K, 7% used [0x0000000080000000,0x00000000806e8df8,0x0000000085f80000)
 Metaspace       used 20533K, capacity 21230K, committed 21296K, reserved 1067008K
  class space    used 2865K, capacity 3041K, committed 3072K, reserved 1048576K
}
Event: 8.264 GC heap before
{Heap before GC invocations=6 (full 1):
 PSYoungGen      total 75776K, used 65024K [0x00000000d5580000, 0x00000000daa00000, 0x0000000100000000)
  eden space 65024K, 100% used [0x00000000d5580000,0x00000000d9500000,0x00000000d9500000)
  from space 10752K, 0% used [0x00000000d9f80000,0x00000000d9f80000,0x00000000daa00000)
  to   space 10752K, 0% used [0x00000000d9500000,0x00000000d9500000,0x00000000d9f80000)
 ParOldGen       total 97792K, used 7075K [0x0000000080000000, 0x0000000085f80000, 0x00000000d5580000)
  object space 97792K, 7% used [0x0000000080000000,0x00000000806e8df8,0x0000000085f80000)
 Metaspace       used 25945K, capacity 26926K, committed 27008K, reserved 1073152K
  class space    used 3703K, capacity 3954K, committed 3968K, reserved 1048576K
Event: 8.269 GC heap after
Heap after GC invocations=6 (full 1):
 PSYoungGen      total 75776K, used 7317K [0x00000000d5580000, 0x00000000dd100000, 0x0000000100000000)
  eden space 65024K, 0% used [0x00000000d5580000,0x00000000d5580000,0x00000000d9500000)
  from space 10752K, 68% used [0x00000000d9500000,0x00000000d9c254e0,0x00000000d9f80000)
  to   space 12288K, 0% used [0x00000000dc500000,0x00000000dc500000,0x00000000dd100000)
 ParOldGen       total 97792K, used 7083K [0x0000000080000000, 0x0000000085f80000, 0x00000000d5580000)
  object space 97792K, 7% used [0x0000000080000000,0x00000000806eadf8,0x0000000085f80000)
 Metaspace       used 25945K, capacity 26926K, committed 27008K, reserved 1073152K
  class space    used 3703K, capacity 3954K, committed 3968K, reserved 1048576K
}
Event: 10.201 GC heap before
{Heap before GC invocations=7 (full 1):
 PSYoungGen      total 75776K, used 72341K [0x00000000d5580000, 0x00000000dd100000, 0x0000000100000000)
  eden space 65024K, 100% used [0x00000000d5580000,0x00000000d9500000,0x00000000d9500000)
  from space 10752K, 68% used [0x00000000d9500000,0x00000000d9c254e0,0x00000000d9f80000)
  to   space 12288K, 0% used [0x00000000dc500000,0x00000000dc500000,0x00000000dd100000)
 ParOldGen       total 97792K, used 7083K [0x0000000080000000, 0x0000000085f80000, 0x00000000d5580000)
  object space 97792K, 7% used [0x0000000080000000,0x00000000806eadf8,0x0000000085f80000)
 Metaspace       used 33293K, capacity 34456K, committed 34560K, reserved 1079296K
  class space    used 4508K, capacity 4821K, committed 4864K, reserved 1048576K
Event: 10.213 GC heap after
Heap after GC invocations=7 (full 1):
 PSYoungGen      total 110080K, used 9696K [0x00000000d5580000, 0x00000000dcf00000, 0x0000000100000000)
  eden space 99840K, 0% used [0x00000000d5580000,0x00000000d5580000,0x00000000db700000)
  from space 10240K, 94% used [0x00000000dc500000,0x00000000dce782b0,0x00000000dcf00000)
  to   space 12288K, 0% used [0x00000000db700000,0x00000000db700000,0x00000000dc300000)
 ParOldGen       total 97792K, used 7091K [0x0000000080000000, 0x0000000085f80000, 0x00000000d5580000)
  object space 97792K, 7% used [0x0000000080000000,0x00000000806ecdf8,0x0000000085f80000)
 Metaspace       used 33293K, capacity 34456K, committed 34560K, reserved 1079296K
  class space    used 4508K, capacity 4821K, committed 4864K, reserved 1048576K
}
Event: 10.490 GC heap before
{Heap before GC invocations=8 (full 1):
 PSYoungGen      total 110080K, used 18531K [0x00000000d5580000, 0x00000000dcf00000, 0x0000000100000000)
  eden space 99840K, 8% used [0x00000000d5580000,0x00000000d5e209b8,0x00000000db700000)
  from space 10240K, 94% used [0x00000000dc500000,0x00000000dce782b0,0x00000000dcf00000)
  to   space 12288K, 0% used [0x00000000db700000,0x00000000db700000,0x00000000dc300000)
 ParOldGen       total 97792K, used 7091K [0x0000000080000000, 0x0000000085f80000, 0x00000000d5580000)
  object space 97792K, 7% used [0x0000000080000000,0x00000000806ecdf8,0x0000000085f80000)
 Metaspace       used 34210K, capacity 35326K, committed 35456K, reserved 1079296K
  class space    used 4626K, capacity 4918K, committed 4992K, reserved 1048576K
Event: 10.501 GC heap after
Heap after GC invocations=8 (full 1):
 PSYoungGen      total 112128K, used 7383K [0x00000000d5580000, 0x00000000dcf00000, 0x0000000100000000)
  eden space 99840K, 0% used [0x00000000d5580000,0x00000000d5580000,0x00000000db700000)
  from space 12288K, 60% used [0x00000000db700000,0x00000000dbe35c18,0x00000000dc300000)
  to   space 10240K, 0% used [0x00000000dc500000,0x00000000dc500000,0x00000000dcf00000)
 ParOldGen       total 97792K, used 7099K [0x0000000080000000, 0x0000000085f80000, 0x00000000d5580000)
  object space 97792K, 7% used [0x0000000080000000,0x00000000806eedf8,0x0000000085f80000)
 Metaspace       used 34210K, capacity 35326K, committed 35456K, reserved 1079296K
  class space    used 4626K, capacity 4918K, committed 4992K, reserved 1048576K
}
Event: 10.501 GC heap before
{Heap before GC invocations=9 (full 2):
 PSYoungGen      total 112128K, used 7383K [0x00000000d5580000, 0x00000000dcf00000, 0x0000000100000000)
  eden space 99840K, 0% used [0x00000000d5580000,0x00000000d5580000,0x00000000db700000)
  from space 12288K, 60% used [0x00000000db700000,0x00000000dbe35c18,0x00000000dc300000)
  to   space 10240K, 0% used [0x00000000dc500000,0x00000000dc500000,0x00000000dcf00000)
 ParOldGen       total 97792K, used 7099K [0x0000000080000000, 0x0000000085f80000, 0x00000000d5580000)
  object space 97792K, 7% used [0x0000000080000000,0x00000000806eedf8,0x0000000085f80000)
 Metaspace       used 34210K, capacity 35326K, committed 35456K, reserved 1079296K
  class space    used 4626K, capacity 4918K, committed 4992K, reserved 1048576K
Event: 10.567 GC heap after
Heap after GC invocations=9 (full 2):
 PSYoungGen      total 112128K, used 0K [0x00000000d5580000, 0x00000000dcf00000, 0x0000000100000000)
  eden space 99840K, 0% used [0x00000000d5580000,0x00000000d5580000,0x00000000db700000)
  from space 12288K, 0% used [0x00000000db700000,0x00000000db700000,0x00000000dc300000)
  to   space 10240K, 0% used [0x00000000dc500000,0x00000000dc500000,0x00000000dcf00000)
 ParOldGen       total 136704K, used 13982K [0x0000000080000000, 0x0000000088580000, 0x00000000d5580000)
  object space 136704K, 10% used [0x0000000080000000,0x0000000080da7930,0x0000000088580000)
 Metaspace       used 34210K, capacity 35326K, committed 35456K, reserved 1079296K
  class space    used 4626K, capacity 4918K, committed 4992K, reserved 1048576K
}

