# JRE version: OpenJDK Runtime Environment (8.0_242-b01) (build 1.8.0_242-release-1644-b01)
# Java VM: OpenJDK 64-Bit Server VM (25.242-b01 mixed mode windows-amd64 compressed oops)
Heap:
 PSYoungGen      total 37888K, used 33675K [0x00000000d5580000, 0x00000000d8980000, 0x0000000100000000)
  eden space 32768K, 94% used [0x00000000d5580000,0x00000000d73b3de8,0x00000000d7580000)
  from space 5120K, 53% used [0x00000000d7600000,0x00000000d78af050,0x00000000d7b00000)
  to   space 10240K, 0% used [0x00000000d7f80000,0x00000000d7f80000,0x00000000d8980000)
 ParOldGen       total 64512K, used 9114K [0x0000000080000000, 0x0000000083f00000, 0x00000000d5580000)
  object space 64512K, 14% used [0x0000000080000000,0x00000000808e6a10,0x0000000083f00000)
 Metaspace       used 24949K, capacity 25950K, committed 26112K, reserved 1073152K
  class space    used 3568K, capacity 3817K, committed 3840K, reserved 1048576K
GC Heap History (10 events):
Event: 4.134 GC heap before
{Heap before GC invocations=4 (full 0):
 PSYoungGen      total 38400K, used 38337K [0x00000000d5580000, 0x00000000d8000000, 0x0000000100000000)
  eden space 33280K, 99% used [0x00000000d5580000,0x00000000d75f46f0,0x00000000d7600000)
  from space 5120K, 99% used [0x00000000d7600000,0x00000000d7afc030,0x00000000d7b00000)
  to   space 5120K, 0% used [0x00000000d7b00000,0x00000000d7b00000,0x00000000d8000000)
 ParOldGen       total 87552K, used 1120K [0x0000000080000000, 0x0000000085580000, 0x00000000d5580000)
  object space 87552K, 1% used [0x0000000080000000,0x00000000801181b0,0x0000000085580000)
 Metaspace       used 14707K, capacity 15230K, committed 15488K, reserved 1062912K
  class space    used 2006K, capacity 2165K, committed 2176K, reserved 1048576K
Event: 4.145 GC heap after
Heap after GC invocations=4 (full 0):
 PSYoungGen      total 38400K, used 5119K [0x00000000d5580000, 0x00000000d8000000, 0x0000000100000000)
  eden space 33280K, 0% used [0x00000000d5580000,0x00000000d5580000,0x00000000d7600000)
  from space 5120K, 99% used [0x00000000d7b00000,0x00000000d7fffc30,0x00000000d8000000)
  to   space 5120K, 0% used [0x00000000d7600000,0x00000000d7600000,0x00000000d7b00000)
 ParOldGen       total 87552K, used 3713K [0x0000000080000000, 0x0000000085580000, 0x00000000d5580000)
  object space 87552K, 4% used [0x0000000080000000,0x00000000803a05c8,0x0000000085580000)
 Metaspace       used 14707K, capacity 15230K, committed 15488K, reserved 1062912K
  class space    used 2006K, capacity 2165K, committed 2176K, reserved 1048576K
}
Event: 5.178 GC heap before
{Heap before GC invocations=5 (full 0):
 PSYoungGen      total 38400K, used 38399K [0x00000000d5580000, 0x00000000d8000000, 0x0000000100000000)
  eden space 33280K, 100% used [0x00000000d5580000,0x00000000d7600000,0x00000000d7600000)
  from space 5120K, 99% used [0x00000000d7b00000,0x00000000d7fffc30,0x00000000d8000000)
  to   space 5120K, 0% used [0x00000000d7600000,0x00000000d7600000,0x00000000d7b00000)
 ParOldGen       total 87552K, used 3713K [0x0000000080000000, 0x0000000085580000, 0x00000000d5580000)
  object space 87552K, 4% used [0x0000000080000000,0x00000000803a05c8,0x0000000085580000)
 Metaspace       used 17675K, capacity 18310K, committed 18560K, reserved 1064960K
  class space    used 2418K, capacity 2639K, committed 2688K, reserved 1048576K
Event: 5.190 GC heap after
Heap after GC invocations=5 (full 0):
 PSYoungGen      total 37888K, used 5104K [0x00000000d5580000, 0x00000000d8980000, 0x0000000100000000)
  eden space 32768K, 0% used [0x00000000d5580000,0x00000000d5580000,0x00000000d7580000)
  from space 5120K, 99% used [0x00000000d7600000,0x00000000d7afc010,0x00000000d7b00000)
  to   space 10240K, 0% used [0x00000000d7f80000,0x00000000d7f80000,0x00000000d8980000)
 ParOldGen       total 87552K, used 6569K [0x0000000080000000, 0x0000000085580000, 0x00000000d5580000)
  object space 87552K, 7% used [0x0000000080000000,0x000000008066a5a8,0x0000000085580000)
 Metaspace       used 17675K, capacity 18310K, committed 18560K, reserved 1064960K
  class space    used 2418K, capacity 2639K, committed 2688K, reserved 1048576K
}
Event: 6.125 GC heap before
{Heap before GC invocations=6 (full 0):
 PSYoungGen      total 37888K, used 35641K [0x00000000d5580000, 0x00000000d8980000, 0x0000000100000000)
  eden space 32768K, 93% used [0x00000000d5580000,0x00000000d7352600,0x00000000d7580000)
  from space 5120K, 99% used [0x00000000d7600000,0x00000000d7afc010,0x00000000d7b00000)
  to   space 10240K, 0% used [0x00000000d7f80000,0x00000000d7f80000,0x00000000d8980000)
 ParOldGen       total 87552K, used 6569K [0x0000000080000000, 0x0000000085580000, 0x00000000d5580000)
  object space 87552K, 7% used [0x0000000080000000,0x000000008066a5a8,0x0000000085580000)
 Metaspace       used 20484K, capacity 21154K, committed 21248K, reserved 1067008K
  class space    used 2857K, capacity 3035K, committed 3072K, reserved 1048576K
Event: 6.147 GC heap after
Heap after GC invocations=6 (full 0):
 PSYoungGen      total 43008K, used 8574K [0x00000000d5580000, 0x00000000d8980000, 0x0000000100000000)
  eden space 32768K, 0% used [0x00000000d5580000,0x00000000d5580000,0x00000000d7580000)
  from space 10240K, 83% used [0x00000000d7f80000,0x00000000d87df840,0x00000000d8980000)
  to   space 5120K, 0% used [0x00000000d7600000,0x00000000d7600000,0x00000000d7b00000)
 ParOldGen       total 87552K, used 6577K [0x0000000080000000, 0x0000000085580000, 0x00000000d5580000)
  object space 87552K, 7% used [0x0000000080000000,0x000000008066c5a8,0x0000000085580000)
 Metaspace       used 20484K, capacity 21154K, committed 21248K, reserved 1067008K
  class space    used 2857K, capacity 3035K, committed 3072K, reserved 1048576K
}
Event: 6.147 GC heap before
{Heap before GC invocations=7 (full 1):
 PSYoungGen      total 43008K, used 8574K [0x00000000d5580000, 0x00000000d8980000, 0x0000000100000000)
  eden space 32768K, 0% used [0x00000000d5580000,0x00000000d5580000,0x00000000d7580000)
  from space 10240K, 83% used [0x00000000d7f80000,0x00000000d87df840,0x00000000d8980000)
  to   space 5120K, 0% used [0x00000000d7600000,0x00000000d7600000,0x00000000d7b00000)
 ParOldGen       total 87552K, used 6577K [0x0000000080000000, 0x0000000085580000, 0x00000000d5580000)
  object space 87552K, 7% used [0x0000000080000000,0x000000008066c5a8,0x0000000085580000)
 Metaspace       used 20484K, capacity 21154K, committed 21248K, reserved 1067008K
  class space    used 2857K, capacity 3035K, committed 3072K, reserved 1048576K
Event: 6.244 GC heap after
Heap after GC invocations=7 (full 1):
 PSYoungGen      total 43008K, used 0K [0x00000000d5580000, 0x00000000d8980000, 0x0000000100000000)
  eden space 32768K, 0% used [0x00000000d5580000,0x00000000d5580000,0x00000000d7580000)
  from space 10240K, 0% used [0x00000000d7f80000,0x00000000d7f80000,0x00000000d8980000)
  to   space 5120K, 0% used [0x00000000d7600000,0x00000000d7600000,0x00000000d7b00000)
 ParOldGen       total 64512K, used 9114K [0x0000000080000000, 0x0000000083f00000, 0x00000000d5580000)
  object space 64512K, 14% used [0x0000000080000000,0x00000000808e6a10,0x0000000083f00000)
 Metaspace       used 20484K, capacity 21154K, committed 21248K, reserved 1067008K
  class space    used 2857K, capacity 3035K, committed 3072K, reserved 1048576K
}
Event: 8.317 GC heap before
{Heap before GC invocations=8 (full 1):
 PSYoungGen      total 43008K, used 32768K [0x00000000d5580000, 0x00000000d8980000, 0x0000000100000000)
  eden space 32768K, 100% used [0x00000000d5580000,0x00000000d7580000,0x00000000d7580000)
  from space 10240K, 0% used [0x00000000d7f80000,0x00000000d7f80000,0x00000000d8980000)
  to   space 5120K, 0% used [0x00000000d7600000,0x00000000d7600000,0x00000000d7b00000)
 ParOldGen       total 64512K, used 9114K [0x0000000080000000, 0x0000000083f00000, 0x00000000d5580000)
  object space 64512K, 14% used [0x0000000080000000,0x00000000808e6a10,0x0000000083f00000)
 Metaspace       used 22145K, capacity 23074K, committed 23168K, reserved 1069056K
  class space    used 3128K, capacity 3385K, committed 3456K, reserved 1048576K
Event: 8.321 GC heap after
Heap after GC invocations=8 (full 1):
 PSYoungGen      total 37888K, used 2748K [0x00000000d5580000, 0x00000000d8980000, 0x0000000100000000)
  eden space 32768K, 0% used [0x00000000d5580000,0x00000000d5580000,0x00000000d7580000)
  from space 5120K, 53% used [0x00000000d7600000,0x00000000d78af050,0x00000000d7b00000)
  to   space 10240K, 0% used [0x00000000d7f80000,0x00000000d7f80000,0x00000000d8980000)
 ParOldGen       total 64512K, used 9114K [0x0000000080000000, 0x0000000083f00000, 0x00000000d5580000)
  object space 64512K, 14% used [0x0000000080000000,0x00000000808e6a10,0x0000000083f00000)
 Metaspace       used 22145K, capacity 23074K, committed 23168K, reserved 1069056K
  class space    used 3128K, capacity 3385K, committed 3456K, reserved 1048576K
}

