# JRE version: OpenJDK Runtime Environment (8.0_242-b01) (build 1.8.0_242-release-1644-b01)
# Java VM: OpenJDK 64-Bit Server VM (25.242-b01 mixed mode windows-amd64 compressed oops)
Heap:
 PSYoungGen      total 79872K, used 33614K [0x00000000d5580000, 0x00000000dc180000, 0x0000000100000000)
  eden space 57344K, 45% used [0x00000000d5580000,0x00000000d6f09078,0x00000000d8d80000)
  from space 22528K, 33% used [0x00000000d8d80000,0x00000000d94ca988,0x00000000da380000)
  to   space 22016K, 0% used [0x00000000dac00000,0x00000000dac00000,0x00000000dc180000)
 ParOldGen       total 183296K, used 32503K [0x0000000080000000, 0x000000008b300000, 0x00000000d5580000)
  object space 183296K, 17% used [0x0000000080000000,0x0000000081fbdc38,0x000000008b300000)
 Metaspace       used 65068K, capacity 67840K, committed 67928K, reserved 1107968K
  class space    used 8746K, capacity 9307K, committed 9344K, reserved 1048576K
GC Heap History (10 events):
Event: 63.987 GC heap before
{Heap before GC invocations=20 (full 2):
 PSYoungGen      total 63488K, used 63464K [0x00000000d5580000, 0x00000000daa80000, 0x0000000100000000)
  eden space 48640K, 100% used [0x00000000d5580000,0x00000000d8500000,0x00000000d8500000)
  from space 14848K, 99% used [0x00000000d8500000,0x00000000d937a3e0,0x00000000d9380000)
  to   space 17408K, 0% used [0x00000000d9980000,0x00000000d9980000,0x00000000daa80000)
 ParOldGen       total 130560K, used 19859K [0x0000000080000000, 0x0000000087f80000, 0x00000000d5580000)
  object space 130560K, 15% used [0x0000000080000000,0x0000000081364fb8,0x0000000087f80000)
 Metaspace       used 55827K, capacity 58218K, committed 58624K, reserved 1099776K
  class space    used 7331K, capacity 7812K, committed 7936K, reserved 1048576K
Event: 64.050 GC heap after
Heap after GC invocations=20 (full 2):
 PSYoungGen      total 66048K, used 17384K [0x00000000d5580000, 0x00000000db400000, 0x0000000100000000)
  eden space 48640K, 0% used [0x00000000d5580000,0x00000000d5580000,0x00000000d8500000)
  from space 17408K, 99% used [0x00000000d9980000,0x00000000daa7a3d0,0x00000000daa80000)
  to   space 20992K, 0% used [0x00000000d8500000,0x00000000d8500000,0x00000000d9980000)
 ParOldGen       total 130560K, used 22402K [0x0000000080000000, 0x0000000087f80000, 0x00000000d5580000)
  object space 130560K, 17% used [0x0000000080000000,0x00000000815e0918,0x0000000087f80000)
 Metaspace       used 55827K, capacity 58218K, committed 58624K, reserved 1099776K
  class space    used 7331K, capacity 7812K, committed 7936K, reserved 1048576K
}
Event: 64.827 GC heap before
{Heap before GC invocations=21 (full 2):
 PSYoungGen      total 66048K, used 27497K [0x00000000d5580000, 0x00000000db400000, 0x0000000100000000)
  eden space 48640K, 20% used [0x00000000d5580000,0x00000000d5f60250,0x00000000d8500000)
  from space 17408K, 99% used [0x00000000d9980000,0x00000000daa7a3d0,0x00000000daa80000)
  to   space 20992K, 0% used [0x00000000d8500000,0x00000000d8500000,0x00000000d9980000)
 ParOldGen       total 130560K, used 22402K [0x0000000080000000, 0x0000000087f80000, 0x00000000d5580000)
  object space 130560K, 17% used [0x0000000080000000,0x00000000815e0918,0x0000000087f80000)
 Metaspace       used 56645K, capacity 59062K, committed 59096K, reserved 1099776K
  class space    used 7443K, capacity 7918K, committed 7936K, reserved 1048576K
Event: 64.863 GC heap after
Heap after GC invocations=21 (full 2):
 PSYoungGen      total 69632K, used 18708K [0x00000000d5580000, 0x00000000dbb00000, 0x0000000100000000)
  eden space 48640K, 0% used [0x00000000d5580000,0x00000000d5580000,0x00000000d8500000)
  from space 20992K, 89% used [0x00000000d8500000,0x00000000d97453f0,0x00000000d9980000)
  to   space 23040K, 0% used [0x00000000da480000,0x00000000da480000,0x00000000dbb00000)
 ParOldGen       total 130560K, used 22402K [0x0000000080000000, 0x0000000087f80000, 0x00000000d5580000)
  object space 130560K, 17% used [0x0000000080000000,0x00000000815e0918,0x0000000087f80000)
 Metaspace       used 56645K, capacity 59062K, committed 59096K, reserved 1099776K
  class space    used 7443K, capacity 7918K, committed 7936K, reserved 1048576K
}
Event: 64.863 GC heap before
{Heap before GC invocations=22 (full 3):
 PSYoungGen      total 69632K, used 18708K [0x00000000d5580000, 0x00000000dbb00000, 0x0000000100000000)
  eden space 48640K, 0% used [0x00000000d5580000,0x00000000d5580000,0x00000000d8500000)
  from space 20992K, 89% used [0x00000000d8500000,0x00000000d97453f0,0x00000000d9980000)
  to   space 23040K, 0% used [0x00000000da480000,0x00000000da480000,0x00000000dbb00000)
 ParOldGen       total 130560K, used 22402K [0x0000000080000000, 0x0000000087f80000, 0x00000000d5580000)
  object space 130560K, 17% used [0x0000000080000000,0x00000000815e0918,0x0000000087f80000)
 Metaspace       used 56645K, capacity 59062K, committed 59096K, reserved 1099776K
  class space    used 7443K, capacity 7918K, committed 7936K, reserved 1048576K
Event: 65.254 GC heap after
Heap after GC invocations=22 (full 3):
 PSYoungGen      total 69632K, used 0K [0x00000000d5580000, 0x00000000dbb00000, 0x0000000100000000)
  eden space 48640K, 0% used [0x00000000d5580000,0x00000000d5580000,0x00000000d8500000)
  from space 20992K, 0% used [0x00000000d8500000,0x00000000d8500000,0x00000000d9980000)
  to   space 23040K, 0% used [0x00000000da480000,0x00000000da480000,0x00000000dbb00000)
 ParOldGen       total 183296K, used 32487K [0x0000000080000000, 0x000000008b300000, 0x00000000d5580000)
  object space 183296K, 17% used [0x0000000080000000,0x0000000081fb9c38,0x000000008b300000)
 Metaspace       used 56558K, capacity 58826K, committed 59096K, reserved 1099776K
  class space    used 7420K, capacity 7889K, committed 7936K, reserved 1048576K
}
Event: 67.463 GC heap before
{Heap before GC invocations=23 (full 3):
 PSYoungGen      total 69632K, used 48640K [0x00000000d5580000, 0x00000000dbb00000, 0x0000000100000000)
  eden space 48640K, 100% used [0x00000000d5580000,0x00000000d8500000,0x00000000d8500000)
  from space 20992K, 0% used [0x00000000d8500000,0x00000000d8500000,0x00000000d9980000)
  to   space 23040K, 0% used [0x00000000da480000,0x00000000da480000,0x00000000dbb00000)
 ParOldGen       total 183296K, used 32487K [0x0000000080000000, 0x000000008b300000, 0x00000000d5580000)
  object space 183296K, 17% used [0x0000000080000000,0x0000000081fb9c38,0x000000008b300000)
 Metaspace       used 60749K, capacity 63154K, committed 63448K, reserved 1103872K
  class space    used 8137K, capacity 8594K, committed 8704K, reserved 1048576K
Event: 67.475 GC heap after
Heap after GC invocations=23 (full 3):
 PSYoungGen      total 78848K, used 5650K [0x00000000d5580000, 0x00000000db980000, 0x0000000100000000)
  eden space 57344K, 0% used [0x00000000d5580000,0x00000000d5580000,0x00000000d8d80000)
  from space 21504K, 26% used [0x00000000da480000,0x00000000daa04a68,0x00000000db980000)
  to   space 22528K, 0% used [0x00000000d8d80000,0x00000000d8d80000,0x00000000da380000)
 ParOldGen       total 183296K, used 32495K [0x0000000080000000, 0x000000008b300000, 0x00000000d5580000)
  object space 183296K, 17% used [0x0000000080000000,0x0000000081fbbc38,0x000000008b300000)
 Metaspace       used 60749K, capacity 63154K, committed 63448K, reserved 1103872K
  class space    used 8137K, capacity 8594K, committed 8704K, reserved 1048576K
}
Event: 70.546 GC heap before
{Heap before GC invocations=24 (full 3):
 PSYoungGen      total 78848K, used 62994K [0x00000000d5580000, 0x00000000db980000, 0x0000000100000000)
  eden space 57344K, 100% used [0x00000000d5580000,0x00000000d8d80000,0x00000000d8d80000)
  from space 21504K, 26% used [0x00000000da480000,0x00000000daa04a68,0x00000000db980000)
  to   space 22528K, 0% used [0x00000000d8d80000,0x00000000d8d80000,0x00000000da380000)
 ParOldGen       total 183296K, used 32495K [0x0000000080000000, 0x000000008b300000, 0x00000000d5580000)
  object space 183296K, 17% used [0x0000000080000000,0x0000000081fbbc38,0x000000008b300000)
 Metaspace       used 64104K, capacity 66812K, committed 67032K, reserved 1107968K
  class space    used 8589K, capacity 9114K, committed 9216K, reserved 1048576K
Event: 70.566 GC heap after
Heap after GC invocations=24 (full 3):
 PSYoungGen      total 79872K, used 7466K [0x00000000d5580000, 0x00000000dc180000, 0x0000000100000000)
  eden space 57344K, 0% used [0x00000000d5580000,0x00000000d5580000,0x00000000d8d80000)
  from space 22528K, 33% used [0x00000000d8d80000,0x00000000d94ca988,0x00000000da380000)
  to   space 22016K, 0% used [0x00000000dac00000,0x00000000dac00000,0x00000000dc180000)
 ParOldGen       total 183296K, used 32503K [0x0000000080000000, 0x000000008b300000, 0x00000000d5580000)
  object space 183296K, 17% used [0x0000000080000000,0x0000000081fbdc38,0x000000008b300000)
 Metaspace       used 64104K, capacity 66812K, committed 67032K, reserved 1107968K
  class space    used 8589K, capacity 9114K, committed 9216K, reserved 1048576K
}

